2023-05-26 13:47:20,431 DEBUG    root            Loaded Command Group: ['gcloud', 'components']
2023-05-26 13:47:20,434 DEBUG    root            Loaded Command Group: ['gcloud', 'components', 'update']
2023-05-26 13:47:20,436 DEBUG    root            Running [gcloud.components.update] with arguments: [--quiet: "True", COMPONENT-IDS:8: "['gcloud', 'core', 'bq', 'gsutil', 'compute', 'preview', 'alpha', 'beta']"]
2023-05-26 13:47:20,437 INFO     ___FILE_ONLY___ Beginning update. This process may take several minutes.

2023-05-26 13:47:20,440 DEBUG    urllib3.connectionpool Starting new HTTPS connection (1): dl.google.com:443
2023-05-26 13:47:20,470 DEBUG    urllib3.connectionpool https://dl.google.com:443 "GET /dl/cloudsdk/channels/rapid/components-2.json HTTP/1.1" 200 206155
2023-05-26 13:47:20,490 WARNING  root            Component [preview] no longer exists.
2023-05-26 13:47:20,490 WARNING  root            Component [compute] no longer exists.
2023-05-26 13:47:20,491 INFO     ___FILE_ONLY___ 

2023-05-26 13:47:20,492 INFO     ___FILE_ONLY___ 
Your current Google Cloud CLI version is: 432.0.0

2023-05-26 13:47:20,492 INFO     ___FILE_ONLY___ Installing components from version: 432.0.0

2023-05-26 13:47:20,492 INFO     ___FILE_ONLY___ 

2023-05-26 13:47:20,492 DEBUG    root            Chosen display Format:table[box,title="These components will be removed."](details.display_name:label=Name:align=left,version.version_string:label=Version:align=right,data.size.size(zero="",min=1048576):label=Size:align=right)
2023-05-26 13:47:20,493 DEBUG    root            Chosen display Format:table[box,title="These components will be updated."](details.display_name:label=Name:align=left,version.version_string:label=Version:align=right,data.size.size(zero="",min=1048576):label=Size:align=right)
2023-05-26 13:47:20,493 DEBUG    root            Chosen display Format:table[box,title="These components will be installed."](details.display_name:label=Name:align=left,version.version_string:label=Version:align=right,data.size.size(zero="",min=1048576):label=Size:align=right)
2023-05-26 13:47:20,495 INFO     ___FILE_ONLY___ ┌──────────────────────────────────────────────┐
2023-05-26 13:47:20,495 INFO     ___FILE_ONLY___ 

2023-05-26 13:47:20,495 INFO     ___FILE_ONLY___ │     These components will be installed.      │
2023-05-26 13:47:20,496 INFO     ___FILE_ONLY___ 

2023-05-26 13:47:20,496 INFO     ___FILE_ONLY___ ├───────────────────────┬────────────┬─────────┤
2023-05-26 13:47:20,496 INFO     ___FILE_ONLY___ 

2023-05-26 13:47:20,496 INFO     ___FILE_ONLY___ │          Name         │  Version   │   Size  │
2023-05-26 13:47:20,496 INFO     ___FILE_ONLY___ 

2023-05-26 13:47:20,496 INFO     ___FILE_ONLY___ ├───────────────────────┼────────────┼─────────┤
2023-05-26 13:47:20,496 INFO     ___FILE_ONLY___ 

2023-05-26 13:47:20,496 INFO     ___FILE_ONLY___ │ 
2023-05-26 13:47:20,496 INFO     ___FILE_ONLY___ gcloud Alpha Commands
2023-05-26 13:47:20,496 INFO     ___FILE_ONLY___  
2023-05-26 13:47:20,496 INFO     ___FILE_ONLY___ │ 
2023-05-26 13:47:20,496 INFO     ___FILE_ONLY___ 2023.05.19
2023-05-26 13:47:20,496 INFO     ___FILE_ONLY___  
2023-05-26 13:47:20,497 INFO     ___FILE_ONLY___ │ 
2023-05-26 13:47:20,497 INFO     ___FILE_ONLY___ < 1 MiB
2023-05-26 13:47:20,497 INFO     ___FILE_ONLY___  
2023-05-26 13:47:20,497 INFO     ___FILE_ONLY___ │
2023-05-26 13:47:20,497 INFO     ___FILE_ONLY___ 

2023-05-26 13:47:20,497 INFO     ___FILE_ONLY___ │ 
2023-05-26 13:47:20,497 INFO     ___FILE_ONLY___ gcloud Beta Commands 
2023-05-26 13:47:20,497 INFO     ___FILE_ONLY___  
2023-05-26 13:47:20,497 INFO     ___FILE_ONLY___ │ 
2023-05-26 13:47:20,497 INFO     ___FILE_ONLY___ 2023.05.19
2023-05-26 13:47:20,497 INFO     ___FILE_ONLY___  
2023-05-26 13:47:20,497 INFO     ___FILE_ONLY___ │ 
2023-05-26 13:47:20,497 INFO     ___FILE_ONLY___ < 1 MiB
2023-05-26 13:47:20,497 INFO     ___FILE_ONLY___  
2023-05-26 13:47:20,498 INFO     ___FILE_ONLY___ │
2023-05-26 13:47:20,498 INFO     ___FILE_ONLY___ 

2023-05-26 13:47:20,498 INFO     ___FILE_ONLY___ └───────────────────────┴────────────┴─────────┘
2023-05-26 13:47:20,498 INFO     ___FILE_ONLY___ 

2023-05-26 13:47:20,498 INFO     ___FILE_ONLY___ 

2023-05-26 13:47:20,500 DEBUG    urllib3.connectionpool Starting new HTTPS connection (1): dl.google.com:443
2023-05-26 13:47:20,588 DEBUG    urllib3.connectionpool https://dl.google.com:443 "GET /dl/cloudsdk/channels/rapid/RELEASE_NOTES HTTP/1.1" 200 1004619
2023-05-26 13:47:20,698 INFO     ___FILE_ONLY___ For the latest full release notes, please visit:
  https://cloud.google.com/sdk/release_notes


2023-05-26 13:47:20,700 INFO     ___FILE_ONLY___ ╔════════════════════════════════════════════════════════════╗

2023-05-26 13:47:20,700 INFO     ___FILE_ONLY___ ╠═ Creating update staging area                             ═╣

2023-05-26 13:47:20,701 INFO     ___FILE_ONLY___ ╚
2023-05-26 13:47:20,701 INFO     ___FILE_ONLY___ ══════
2023-05-26 13:47:21,310 INFO     ___FILE_ONLY___ ══════
2023-05-26 13:47:21,310 INFO     ___FILE_ONLY___ ══════
2023-05-26 13:47:21,916 INFO     ___FILE_ONLY___ ═
2023-05-26 13:47:22,034 INFO     ___FILE_ONLY___ ═
2023-05-26 13:47:22,164 INFO     ___FILE_ONLY___ ═
2023-05-26 13:47:22,304 INFO     ___FILE_ONLY___ ═
2023-05-26 13:47:22,363 INFO     ___FILE_ONLY___ ═
2023-05-26 13:47:22,457 INFO     ___FILE_ONLY___ ═
2023-05-26 13:47:22,552 INFO     ___FILE_ONLY___ ═
2023-05-26 13:47:22,661 INFO     ___FILE_ONLY___ ═
2023-05-26 13:47:22,751 INFO     ___FILE_ONLY___ ═
2023-05-26 13:47:22,821 INFO     ___FILE_ONLY___ ═
2023-05-26 13:47:22,988 INFO     ___FILE_ONLY___ ═
2023-05-26 13:47:23,070 INFO     ___FILE_ONLY___ ═
2023-05-26 13:47:23,189 INFO     ___FILE_ONLY___ ═
2023-05-26 13:47:23,283 INFO     ___FILE_ONLY___ ═
2023-05-26 13:47:23,350 INFO     ___FILE_ONLY___ ═
2023-05-26 13:47:23,429 INFO     ___FILE_ONLY___ ═
2023-05-26 13:47:23,519 INFO     ___FILE_ONLY___ ═
2023-05-26 13:47:23,588 INFO     ___FILE_ONLY___ ═
2023-05-26 13:47:23,646 INFO     ___FILE_ONLY___ ═
2023-05-26 13:47:23,704 INFO     ___FILE_ONLY___ ═
2023-05-26 13:47:23,782 INFO     ___FILE_ONLY___ ═
2023-05-26 13:47:23,837 INFO     ___FILE_ONLY___ ═
2023-05-26 13:47:23,893 INFO     ___FILE_ONLY___ ═
2023-05-26 13:47:23,953 INFO     ___FILE_ONLY___ ═
2023-05-26 13:47:24,009 INFO     ___FILE_ONLY___ ═
2023-05-26 13:47:24,067 INFO     ___FILE_ONLY___ ═
2023-05-26 13:47:24,141 INFO     ___FILE_ONLY___ ═
2023-05-26 13:47:24,205 INFO     ___FILE_ONLY___ ═
2023-05-26 13:47:24,260 INFO     ___FILE_ONLY___ ═
2023-05-26 13:47:24,322 INFO     ___FILE_ONLY___ ═
2023-05-26 13:47:24,407 INFO     ___FILE_ONLY___ ═
2023-05-26 13:47:24,468 INFO     ___FILE_ONLY___ ═
2023-05-26 13:47:24,539 INFO     ___FILE_ONLY___ ═
2023-05-26 13:47:24,597 INFO     ___FILE_ONLY___ ═
2023-05-26 13:47:24,646 INFO     ___FILE_ONLY___ ═
2023-05-26 13:47:24,736 INFO     ___FILE_ONLY___ ═
2023-05-26 13:47:24,809 INFO     ___FILE_ONLY___ ═
2023-05-26 13:47:24,880 INFO     ___FILE_ONLY___ ═
2023-05-26 13:47:24,930 INFO     ___FILE_ONLY___ ═
2023-05-26 13:47:25,113 INFO     ___FILE_ONLY___ ═
2023-05-26 13:47:25,184 INFO     ___FILE_ONLY___ ═
2023-05-26 13:47:25,260 INFO     ___FILE_ONLY___ ═
2023-05-26 13:47:25,260 INFO     ___FILE_ONLY___ ╝

2023-05-26 13:47:27,906 INFO     ___FILE_ONLY___ ╔════════════════════════════════════════════════════════════╗

2023-05-26 13:47:27,907 INFO     ___FILE_ONLY___ ╠═ Installing: gcloud Alpha Commands                        ═╣

2023-05-26 13:47:27,907 INFO     ___FILE_ONLY___ ╚
2023-05-26 13:47:27,909 DEBUG    urllib3.connectionpool Starting new HTTPS connection (1): dl.google.com:443
2023-05-26 13:47:27,962 DEBUG    urllib3.connectionpool https://dl.google.com:443 "GET /dl/cloudsdk/channels/rapid/components/google-cloud-sdk-alpha-20230519173220.tar.gz HTTP/1.1" 200 800
2023-05-26 13:47:27,962 INFO     ___FILE_ONLY___ ══════════════════════════════
2023-05-26 13:47:27,964 INFO     ___FILE_ONLY___ ══════════════════════════════
2023-05-26 13:47:27,964 INFO     ___FILE_ONLY___ ╝

2023-05-26 13:47:27,971 INFO     ___FILE_ONLY___ ╔════════════════════════════════════════════════════════════╗

2023-05-26 13:47:27,972 INFO     ___FILE_ONLY___ ╠═ Installing: gcloud Beta Commands                         ═╣

2023-05-26 13:47:27,972 INFO     ___FILE_ONLY___ ╚
2023-05-26 13:47:27,973 DEBUG    urllib3.connectionpool Starting new HTTPS connection (1): dl.google.com:443
2023-05-26 13:47:28,056 DEBUG    urllib3.connectionpool https://dl.google.com:443 "GET /dl/cloudsdk/channels/rapid/components/google-cloud-sdk-beta-20230519173220.tar.gz HTTP/1.1" 200 797
2023-05-26 13:47:28,057 INFO     ___FILE_ONLY___ ══════════════════════════════
2023-05-26 13:47:28,058 INFO     ___FILE_ONLY___ ══════════════════════════════
2023-05-26 13:47:28,058 INFO     ___FILE_ONLY___ ╝

2023-05-26 13:47:28,065 INFO     ___FILE_ONLY___ ╔════════════════════════════════════════════════════════════╗

2023-05-26 13:47:28,065 INFO     ___FILE_ONLY___ ╠═ Creating backup and activating new installation          ═╣

2023-05-26 13:47:28,065 INFO     ___FILE_ONLY___ ╚
2023-05-26 13:47:28,066 DEBUG    root            Attempting to move directory [/tools/google-cloud-sdk] to [/tools/google-cloud-sdk.staging/.install/.backup]
2023-05-26 13:47:28,066 INFO     ___FILE_ONLY___ ══════════════════════════════
2023-05-26 13:47:28,066 DEBUG    root            Attempting to move directory [/tools/google-cloud-sdk.staging] to [/tools/google-cloud-sdk]
2023-05-26 13:47:28,066 INFO     ___FILE_ONLY___ ══════════════════════════════
2023-05-26 13:47:28,066 INFO     ___FILE_ONLY___ ╝

2023-05-26 13:47:28,070 DEBUG    root            Updating notification cache...
2023-05-26 13:47:28,070 INFO     ___FILE_ONLY___ 

2023-05-26 13:47:28,072 INFO     ___FILE_ONLY___ Performing post processing steps...
2023-05-26 13:47:28,073 DEBUG    root            Executing command: ['python3', '-S', '/tools/google-cloud-sdk/lib/gcloud.py', 'components', 'post-process']
2023-05-26 13:47:54,213 DEBUG    ___FILE_ONLY___ 
2023-05-26 13:47:54,213 DEBUG    ___FILE_ONLY___ 
2023-05-26 13:47:54,364 INFO     ___FILE_ONLY___ 
Update done!


2023-05-26 13:47:54,367 DEBUG    root            Chosen display Format:none
2023-05-26 13:47:54,368 INFO     root            Display format: "none"
